2025-02-19 16:16:22 [main] INFO  m.m.d.t.t.k.s.TwitterToKafkaServiceApplication - Starting TwitterToKafkaServiceApplication using Java 17.0.12 with PID 1456 (C:\Users\max.assis\IdeaProjects\microservices-demo\twitter-to-kafka-service\target\classes started by max.assis in C:\Users\max.assis\IdeaProjects\microservices-demo)
2025-02-19 16:16:22 [main] INFO  m.m.d.t.t.k.s.TwitterToKafkaServiceApplication - No active profile set, falling back to 1 default profile: "default"
2025-02-19 16:16:22 [main] WARN  o.s.c.a.AnnotationConfigApplicationContext - Exception encountered during context initialization - cancelling refresh attempt: org.springframework.beans.factory.parsing.BeanDefinitionParsingException: Configuration problem: @Configuration class 'TwitterToKafkaServiceConfigData' may not be final. Remove the final modifier to continue.
Offending resource: class path resource [maxamx/microservices/demo/twitter/to/kafka/service/config/TwitterToKafkaServiceConfigData.class]
2025-02-19 16:16:22 [main] INFO  o.s.b.a.l.ConditionEvaluationReportLogger - 

Error starting ApplicationContext. To display the condition evaluation report re-run your application with 'debug' enabled.
2025-02-19 16:16:22 [main] ERROR o.s.boot.SpringApplication - Application run failed
org.springframework.beans.factory.parsing.BeanDefinitionParsingException: Configuration problem: @Configuration class 'TwitterToKafkaServiceConfigData' may not be final. Remove the final modifier to continue.
Offending resource: class path resource [maxamx/microservices/demo/twitter/to/kafka/service/config/TwitterToKafkaServiceConfigData.class]
	at org.springframework.beans.factory.parsing.FailFastProblemReporter.error(FailFastProblemReporter.java:72)
	at org.springframework.context.annotation.ConfigurationClass.validate(ConfigurationClass.java:216)
	at org.springframework.context.annotation.ConfigurationClassParser.validate(ConfigurationClassParser.java:206)
	at org.springframework.context.annotation.ConfigurationClassPostProcessor.processConfigBeanDefinitions(ConfigurationClassPostProcessor.java:418)
	at org.springframework.context.annotation.ConfigurationClassPostProcessor.postProcessBeanDefinitionRegistry(ConfigurationClassPostProcessor.java:290)
	at org.springframework.context.support.PostProcessorRegistrationDelegate.invokeBeanDefinitionRegistryPostProcessors(PostProcessorRegistrationDelegate.java:349)
	at org.springframework.context.support.PostProcessorRegistrationDelegate.invokeBeanFactoryPostProcessors(PostProcessorRegistrationDelegate.java:118)
	at org.springframework.context.support.AbstractApplicationContext.invokeBeanFactoryPostProcessors(AbstractApplicationContext.java:789)
	at org.springframework.context.support.AbstractApplicationContext.refresh(AbstractApplicationContext.java:607)
	at org.springframework.boot.SpringApplication.refresh(SpringApplication.java:754)
	at org.springframework.boot.SpringApplication.refreshContext(SpringApplication.java:456)
	at org.springframework.boot.SpringApplication.run(SpringApplication.java:335)
	at org.springframework.boot.SpringApplication.run(SpringApplication.java:1363)
	at org.springframework.boot.SpringApplication.run(SpringApplication.java:1352)
	at maxamx.microservices.demo.twitter.to.kafka.service.TwitterToKafkaServiceApplication.main(TwitterToKafkaServiceApplication.java:24)
2025-02-19 16:31:26 [main] INFO  m.m.d.t.t.k.s.TwitterToKafkaServiceApplication - Starting TwitterToKafkaServiceApplication using Java 17.0.12 with PID 17320 (C:\Users\max.assis\IdeaProjects\microservices-demo\twitter-to-kafka-service\target\classes started by max.assis in C:\Users\max.assis\IdeaProjects\microservices-demo)
2025-02-19 16:31:26 [main] INFO  m.m.d.t.t.k.s.TwitterToKafkaServiceApplication - No active profile set, falling back to 1 default profile: "default"
2025-02-19 16:31:26 [main] WARN  o.s.c.a.AnnotationConfigApplicationContext - Exception encountered during context initialization - cancelling refresh attempt: org.springframework.beans.factory.parsing.BeanDefinitionParsingException: Configuration problem: @Configuration class 'TwitterToKafkaServiceConfigData' may not be final. Remove the final modifier to continue.
Offending resource: class path resource [maxamx/microservices/demo/twitter/to/kafka/service/config/TwitterToKafkaServiceConfigData.class]
2025-02-19 16:31:26 [main] INFO  o.s.b.a.l.ConditionEvaluationReportLogger - 

Error starting ApplicationContext. To display the condition evaluation report re-run your application with 'debug' enabled.
2025-02-19 16:31:26 [main] ERROR o.s.boot.SpringApplication - Application run failed
org.springframework.beans.factory.parsing.BeanDefinitionParsingException: Configuration problem: @Configuration class 'TwitterToKafkaServiceConfigData' may not be final. Remove the final modifier to continue.
Offending resource: class path resource [maxamx/microservices/demo/twitter/to/kafka/service/config/TwitterToKafkaServiceConfigData.class]
	at org.springframework.beans.factory.parsing.FailFastProblemReporter.error(FailFastProblemReporter.java:72)
	at org.springframework.context.annotation.ConfigurationClass.validate(ConfigurationClass.java:216)
	at org.springframework.context.annotation.ConfigurationClassParser.validate(ConfigurationClassParser.java:206)
	at org.springframework.context.annotation.ConfigurationClassPostProcessor.processConfigBeanDefinitions(ConfigurationClassPostProcessor.java:418)
	at org.springframework.context.annotation.ConfigurationClassPostProcessor.postProcessBeanDefinitionRegistry(ConfigurationClassPostProcessor.java:290)
	at org.springframework.context.support.PostProcessorRegistrationDelegate.invokeBeanDefinitionRegistryPostProcessors(PostProcessorRegistrationDelegate.java:349)
	at org.springframework.context.support.PostProcessorRegistrationDelegate.invokeBeanFactoryPostProcessors(PostProcessorRegistrationDelegate.java:118)
	at org.springframework.context.support.AbstractApplicationContext.invokeBeanFactoryPostProcessors(AbstractApplicationContext.java:789)
	at org.springframework.context.support.AbstractApplicationContext.refresh(AbstractApplicationContext.java:607)
	at org.springframework.boot.SpringApplication.refresh(SpringApplication.java:754)
	at org.springframework.boot.SpringApplication.refreshContext(SpringApplication.java:456)
	at org.springframework.boot.SpringApplication.run(SpringApplication.java:335)
	at org.springframework.boot.SpringApplication.run(SpringApplication.java:1363)
	at org.springframework.boot.SpringApplication.run(SpringApplication.java:1352)
	at maxamx.microservices.demo.twitter.to.kafka.service.TwitterToKafkaServiceApplication.main(TwitterToKafkaServiceApplication.java:26)
2025-02-19 16:33:12 [main] INFO  m.m.d.t.t.k.s.TwitterToKafkaServiceApplication - Starting TwitterToKafkaServiceApplication using Java 17.0.12 with PID 2560 (C:\Users\max.assis\IdeaProjects\microservices-demo\twitter-to-kafka-service\target\classes started by max.assis in C:\Users\max.assis\IdeaProjects\microservices-demo)
2025-02-19 16:33:12 [main] INFO  m.m.d.t.t.k.s.TwitterToKafkaServiceApplication - No active profile set, falling back to 1 default profile: "default"
2025-02-19 16:33:13 [main] INFO  m.m.d.t.t.k.s.TwitterToKafkaServiceApplication - Started TwitterToKafkaServiceApplication in 0.726 seconds (process running for 1.152)
2025-02-19 16:33:13 [main] INFO  m.m.d.t.t.k.s.c.TwitterToKafkaServiceConfigData - App start
2025-02-19 16:33:13 [main] INFO  m.m.d.t.t.k.s.c.TwitterToKafkaServiceConfigData - [Java, Microservices, Spring, Kafka, Elasticsearch]
2025-02-19 16:41:44 [main] INFO  m.m.d.t.t.k.s.TwitterToKafkaServiceApplication - Starting TwitterToKafkaServiceApplication using Java 17.0.12 with PID 5556 (C:\Users\max.assis\IdeaProjects\microservices-demo\twitter-to-kafka-service\target\classes started by max.assis in C:\Users\max.assis\IdeaProjects\microservices-demo)
2025-02-19 16:41:44 [main] INFO  m.m.d.t.t.k.s.TwitterToKafkaServiceApplication - No active profile set, falling back to 1 default profile: "default"
2025-02-19 16:41:45 [main] INFO  m.m.d.t.t.k.s.TwitterToKafkaServiceApplication - Started TwitterToKafkaServiceApplication in 0.737 seconds (process running for 1.205)
2025-02-19 16:41:45 [main] INFO  m.m.d.t.t.k.s.c.TwitterToKafkaServiceConfigData - App start
2025-02-19 16:41:45 [main] INFO  m.m.d.t.t.k.s.c.TwitterToKafkaServiceConfigData - [Java, Microservices, Spring, Kafka, Elasticsearch]
2025-02-19 16:41:45 [main] INFO  m.m.d.t.t.k.s.c.TwitterToKafkaServiceConfigData - Hello microservices
